<?xml version="1.0" encoding="UTF-8"?>
<testsuite xmlns:xsi="http://www.w3.org/2001/XMLSchema-instance" xsi:noNamespaceSchemaLocation="https://maven.apache.org/surefire/maven-surefire-plugin/xsd/surefire-test-report-3.0.xsd" version="3.0" name="Lab.LR_4.test.UniversityTest" time="0.072" tests="1" errors="1" skipped="0" failures="0">
  <properties>
[...]
</properties>
  <testcase name="testUniversitySerialization" classname="Lab.LR_4.test.UniversityTest" time="0.06">
    <error type="java.lang.RuntimeException"><![CDATA[java.lang.RuntimeException: Unable to invoke no-args constructor for class Lab.LR_4.model.Human. Registering an InstanceCreator with Gson for this type may fix this problem.
	at Lab.LR_4.test.UniversityTest.testUniversitySerialization(UniversityTest.java:51)
Caused by: java.lang.UnsupportedOperationException: Abstract class can't be instantiated! Class name: Lab.LR_4.model.Human
	at Lab.LR_4.test.UniversityTest.testUniversitySerialization(UniversityTest.java:51)
]]></error>
  </testcase>
</testsuite>